
2015-10-19T19:40:33+0200: 1
2015-10-19T19:40:51+0200: 1
2015-10-19T19:41:36+0200: 1
2015-10-19T19:42:34+0200: 1
2015-10-19T19:42:43+0200: 1
2015-10-19T19:42:57+0200: 1
2015-10-19T19:43:27+0200: 1
2015-10-19T19:44:34+0200: 1
2015-10-19T19:45:10+0200: 1
2015-10-19T19:46:28+0200: 0
2015-10-19T19:48:51+0200: 0
2015-10-19T19:51:20+0200: 1
2015-10-19T20:00:07+0200: 1
2015-10-19T20:15:23+0200: 1
2015-10-19T20:15:35+0200: 1
2015-10-19T20:15:48+0200: 1
2015-10-19T20:16:01+0200: 1
2015-10-19T20:16:16+0200: 1
2015-10-19T20:22:05+0200: 1
2015-10-19T20:22:55+0200: 0
2015-10-19T20:24:11+0200: 1
2015-10-19T20:24:50+0200: 0
2015-10-19T20:32:39+0200: 1
2015-10-19T20:33:58+0200: 0
2015-10-19T20:34:47+0200: 1
2015-10-19T22:22:43+0200: 1
2015-10-19T22:23:00+0200: 0
2015-10-19T22:27:15+0200: 0
2015-10-19T22:28:14+0200: 0
2015-10-19T22:29:01+0200: 1
2015-10-19T22:29:24+0200: 1
2015-10-19T22:30:26+0200: 0
2015-10-19T22:32:37+0200: 1
2015-10-19T22:33:16+0200: 1
2015-10-19T22:43:09+0200: 1
2015-10-19T22:43:46+0200: 0
2015-10-19T22:43:52+0200: 0
2015-10-19T22:44:19+0200: 0
2015-10-19T22:45:35+0200: 1
2015-10-19T22:46:30+0200: 0
2015-10-19T22:48:02+0200: 1
2015-10-19T22:48:53+0200: 0
2015-10-19T22:56:48+0200: 0
2015-10-19T22:57:04+0200: 0
2015-10-19T22:59:29+0200: 0
2015-10-19T22:59:35+0200: 0
2015-10-19T23:01:31+0200: 0
2015-10-19T23:01:59+0200: 0
2015-10-19T23:03:43+0200: 0
2015-10-19T23:05:12+0200: 1
2015-10-19T23:05:26+0200: 0
2015-10-19T23:05:30+0200: 0
2015-10-19T23:08:01+0200: 0
2015-10-19T23:12:58+0200: 1
2015-10-19T23:13:21+0200: 1
2015-10-19T23:14:14+0200: 0
2015-10-19T23:18:52+0200: 1
2015-10-19T23:19:26+0200: 0
2015-10-19T23:20:50+0200: 0
2015-10-20T21:25:35+0200: 1
2015-10-20T21:27:19+0200: 0
2015-10-20T21:27:38+0200: 1
2015-10-20T21:32:23+0200: 0
2015-10-20T21:32:48+0200: 1
2015-10-20T21:35:21+0200: 0
2015-10-20T21:39:38+0200: 1
2015-10-20T21:43:18+0200: 1
2015-10-20T21:44:36+0200: 1
2015-10-20T21:45:22+0200: 0
2015-10-20T21:46:12+0200: 1
2015-10-20T21:46:30+0200: 0
2015-10-20T21:48:09+0200: 0
2015-10-20T21:49:03+0200: 0
2015-10-20T21:52:48+0200: 1
2015-10-20T22:09:08+0200: 1
2015-10-20T22:13:54+0200: 1
2015-10-20T22:14:05+0200: 1
2015-10-20T23:24:19+0200: 1
2015-10-20T23:30:09+0200: 1
2015-10-21T04:55:57+0200: 1
2015-10-21T04:57:26+0200: 1
2015-10-21T04:58:17+0200: 1
2015-10-21T04:58:30+0200: 1
2015-10-21T04:58:41+0200: 1
2015-10-21T04:59:36+0200: 1
2015-10-21T04:59:46+0200: 1
2015-10-21T05:00:08+0200: 1
2015-10-21T05:00:29+0200: 1
2015-10-21T05:01:21+0200: 1
2015-10-21T05:08:10+0200: 1
2015-10-21T05:08:32+0200: 1
2015-10-21T05:08:49+0200: 1
2015-10-21T05:09:09+0200: 1
2015-10-21T05:09:25+0200: 1
2015-10-21T05:10:37+0200: 1
2015-10-21T05:11:39+0200: 0
2015-10-21T05:11:46+0200: 1
2015-10-21T05:11:54+0200: 0
2015-10-21T05:12:06+0200: 0
2015-10-21T05:12:40+0200: 0
2015-10-21T05:13:36+0200: 1
2015-10-21T05:14:48+0200: 1
2015-10-21T05:15:18+0200: 1
2015-10-21T05:15:44+0200: 1
2015-10-21T05:16:45+0200: 1
2015-10-21T05:17:07+0200: 1
2015-10-21T05:17:19+0200: 1
2015-10-21T05:17:56+0200: 0
2015-10-21T05:19:08+0200: 0
2015-10-21T05:22:07+0200: 0
2015-10-21T05:23:18+0200: 1
2015-10-21T05:23:32+0200: 0
2015-10-21T05:23:57+0200: 0
2015-10-21T05:25:12+0200: 0
2015-10-21T05:27:24+0200: 1
2015-10-21T05:28:25+0200: 0
2015-10-21T05:30:29+0200: 0
2015-10-21T05:31:11+0200: 0
2015-10-21T05:32:16+0200: 0
