
[1,2].map{|x| not x.nil?}
[1,2].select{|x| not x.nil?}
[1,2].select{|x| not x.nil?}.first
[1,2, nil].select{|x| not x.nil?}.first
[1,2, nil].select{|x| not x.nil?}
[1,2, 3].map{|x| x+1}
[1,2, 3].select{|x| x % 2}
[1,2, 3].select{|x| x % 2 == 0}
[nil,nil].join("")
[nil, nil].all? {|x| not x.nil?}
[nil, nil].none? {|x| not x.nil?}
[nil, nil].none? {|x| x.nil?}
[1,2].concat[13]
[1,2].concat([13])
[1,2].concat [13]
[3..2]
[3..2].to_a
(3..2).to_a
(3..2,-1).to_a
3.downto 1
5.downto(1) do |i| puts i end
load "src/fizzbuzz_spec.rb"
load "spec/fizzbuzz_spec.rb"
load "spec/spec_helper.rb"
[1,2,3].reduce{|acc,e| acc + e }
[1,2,3].reduce(1){|acc,e| acc + e }
